-------------------------------------------------------------------------------
Test set: me.abhishek.springboot.microservice.example.users.springbootmicroservicetodoservice.SpringBootMicroserviceUsersServiceApplicationTests
-------------------------------------------------------------------------------
Tests run: 1, Failures: 0, Errors: 0, Skipped: 0, Time elapsed: 5.696 s - in me.abhishek.springboot.microservice.example.users.springbootmicroservicetodoservice.SpringBootMicroserviceUsersServiceApplicationTests
