-------------------------------------------------------------------------------
Test set: me.abhishek.springboot.microservice.example.todo.springbootmicroservicetodoservice.SpringBootMicroserviceTodoServiceApplicationTests
-------------------------------------------------------------------------------
Tests run: 1, Failures: 0, Errors: 1, Skipped: 0, Time elapsed: 0.34 s <<< FAILURE! - in me.abhishek.springboot.microservice.example.todo.springbootmicroservicetodoservice.SpringBootMicroserviceTodoServiceApplicationTests
initializationError(me.abhishek.springboot.microservice.example.todo.springbootmicroservicetodoservice.SpringBootMicroserviceTodoServiceApplicationTests)  Time elapsed: 0.007 s  <<< ERROR!
java.lang.IllegalStateException: Unable to find a @SpringBootConfiguration, you need to use @ContextConfiguration or @SpringBootTest(classes=...) with your test

