<?xml version="1.0" encoding="UTF-8"?>
<testsuite xmlns:xsi="http://www.w3.org/2001/XMLSchema-instance" xsi:noNamespaceSchemaLocation="https://maven.apache.org/surefire/maven-surefire-plugin/xsd/surefire-test-report.xsd" name="me.abhishek.springboot.microservice.example.todo.springbootmicroservicetodoservice.SpringBootMicroserviceTodoServiceApplicationTests" time="0.34" tests="1" errors="1" skipped="0" failures="0">
  <properties>
[...]
</properties>
  <testcase name="initializationError" classname="me.abhishek.springboot.microservice.example.todo.springbootmicroservicetodoservice.SpringBootMicroserviceTodoServiceApplicationTests" time="0.007">
    <error message="Unable to find a @SpringBootConfiguration, you need to use @ContextConfiguration or @SpringBootTest(classes=...) with your test" type="java.lang.IllegalStateException">java.lang.IllegalStateException: Unable to find a @SpringBootConfiguration, you need to use @ContextConfiguration or @SpringBootTest(classes=...) with your test
</error>
    <system-out><![CDATA[18:37:52.041 [main] DEBUG org.springframework.test.context.junit4.SpringJUnit4ClassRunner - SpringJUnit4ClassRunner constructor called with [class me.abhishek.springboot.microservice.example.todo.springbootmicroservicetodoservice.SpringBootMicroserviceTodoServiceApplicationTests]
18:37:52.046 [main] DEBUG org.springframework.test.context.BootstrapUtils - Instantiating CacheAwareContextLoaderDelegate from class [org.springframework.test.context.cache.DefaultCacheAwareContextLoaderDelegate]
18:37:52.052 [main] DEBUG org.springframework.test.context.BootstrapUtils - Instantiating BootstrapContext using constructor [public org.springframework.test.context.support.DefaultBootstrapContext(java.lang.Class,org.springframework.test.context.CacheAwareContextLoaderDelegate)]
18:37:52.071 [main] DEBUG org.springframework.test.context.BootstrapUtils - Instantiating TestContextBootstrapper for test class [me.abhishek.springboot.microservice.example.todo.springbootmicroservicetodoservice.SpringBootMicroserviceTodoServiceApplicationTests] from class [org.springframework.boot.test.context.SpringBootTestContextBootstrapper]
18:37:52.082 [main] INFO org.springframework.boot.test.context.SpringBootTestContextBootstrapper - Neither @ContextConfiguration nor @ContextHierarchy found for test class [me.abhishek.springboot.microservice.example.todo.springbootmicroservicetodoservice.SpringBootMicroserviceTodoServiceApplicationTests], using SpringBootContextLoader
18:37:52.085 [main] DEBUG org.springframework.test.context.support.AbstractContextLoader - Did not detect default resource location for test class [me.abhishek.springboot.microservice.example.todo.springbootmicroservicetodoservice.SpringBootMicroserviceTodoServiceApplicationTests]: class path resource [me/abhishek/springboot/microservice/example/todo/springbootmicroservicetodoservice/SpringBootMicroserviceTodoServiceApplicationTests-context.xml] does not exist
18:37:52.086 [main] DEBUG org.springframework.test.context.support.AbstractContextLoader - Did not detect default resource location for test class [me.abhishek.springboot.microservice.example.todo.springbootmicroservicetodoservice.SpringBootMicroserviceTodoServiceApplicationTests]: class path resource [me/abhishek/springboot/microservice/example/todo/springbootmicroservicetodoservice/SpringBootMicroserviceTodoServiceApplicationTestsContext.groovy] does not exist
18:37:52.087 [main] INFO org.springframework.test.context.support.AbstractContextLoader - Could not detect default resource locations for test class [me.abhishek.springboot.microservice.example.todo.springbootmicroservicetodoservice.SpringBootMicroserviceTodoServiceApplicationTests]: no resource found for suffixes {-context.xml, Context.groovy}.
18:37:52.088 [main] INFO org.springframework.test.context.support.AnnotationConfigContextLoaderUtils - Could not detect default configuration classes for test class [me.abhishek.springboot.microservice.example.todo.springbootmicroservicetodoservice.SpringBootMicroserviceTodoServiceApplicationTests]: SpringBootMicroserviceTodoServiceApplicationTests does not declare any static, non-private, non-final, nested classes annotated with @Configuration.
18:37:52.129 [main] DEBUG org.springframework.test.context.support.ActiveProfilesUtils - Could not find an 'annotation declaring class' for annotation type [org.springframework.test.context.ActiveProfiles] and class [me.abhishek.springboot.microservice.example.todo.springbootmicroservicetodoservice.SpringBootMicroserviceTodoServiceApplicationTests]
18:37:52.135 [main] DEBUG org.springframework.core.env.StandardEnvironment - Adding PropertySource 'systemProperties' with lowest search precedence
18:37:52.135 [main] DEBUG org.springframework.core.env.StandardEnvironment - Adding PropertySource 'systemEnvironment' with lowest search precedence
18:37:52.135 [main] DEBUG org.springframework.core.env.StandardEnvironment - Initialized StandardEnvironment with PropertySources [MapPropertySource@194706439 {name='systemProperties', properties={java.runtime.name=Java(TM) SE Runtime Environment, sun.boot.library.path=/Library/Java/JavaVirtualMachines/jdk1.8.0_171.jdk/Contents/Home/jre/lib, java.vm.version=25.171-b11, gopherProxySet=false, java.vm.vendor=Oracle Corporation, java.vendor.url=http://java.oracle.com/, path.separator=:, java.vm.name=Java HotSpot(TM) 64-Bit Server VM, file.encoding.pkg=sun.io, user.country=US, sun.java.launcher=SUN_STANDARD, sun.os.patch.level=unknown, java.vm.specification.name=Java Virtual Machine Specification, user.dir=/Users/abhisheknaik/eclipse-workspace/spring-boot-microservice-users-service, java.runtime.version=1.8.0_171-b11, basedir=/Users/abhisheknaik/eclipse-workspace/spring-boot-microservice-users-service, java.awt.graphicsenv=sun.awt.CGraphicsEnvironment, java.endorsed.dirs=/Library/Java/JavaVirtualMachines/jdk1.8.0_171.jdk/Contents/Home/jre/lib/endorsed, os.arch=x86_64, surefire.real.class.path=/Users/abhisheknaik/eclipse-workspace/spring-boot-microservice-users-service/target/surefire/surefirebooter6542577055950350403.jar, java.io.tmpdir=/var/folders/dx/7w__5bws6099bx1qsfsb8tg00000gn/T/, line.separator=
, java.vm.specification.vendor=Oracle Corporation, os.name=Mac OS X, sun.jnu.encoding=UTF-8, java.library.path=/Users/abhisheknaik/Library/Java/Extensions:/Library/Java/Extensions:/Network/Library/Java/Extensions:/System/Library/Java/Extensions:/usr/lib/java:., surefire.test.class.path=/Users/abhisheknaik/eclipse-workspace/spring-boot-microservice-users-service/target/test-classes:/Users/abhisheknaik/eclipse-workspace/spring-boot-microservice-users-service/target/classes:/Users/abhisheknaik/.m2/repository/org/springframework/boot/spring-boot-starter-data-jpa/2.0.1.RELEASE/spring-boot-starter-data-jpa-2.0.1.RELEASE.jar:/Users/abhisheknaik/.m2/repository/org/springframework/boot/spring-boot-starter/2.0.1.RELEASE/spring-boot-starter-2.0.1.RELEASE.jar:/Users/abhisheknaik/.m2/repository/org/springframework/boot/spring-boot-starter-logging/2.0.1.RELEASE/spring-boot-starter-logging-2.0.1.RELEASE.jar:/Users/abhisheknaik/.m2/repository/ch/qos/logback/logback-classic/1.2.3/logback-classic-1.2.3.jar:/Users/abhisheknaik/.m2/repository/ch/qos/logback/logback-core/1.2.3/logback-core-1.2.3.jar:/Users/abhisheknaik/.m2/repository/org/apache/logging/log4j/log4j-to-slf4j/2.10.0/log4j-to-slf4j-2.10.0.jar:/Users/abhisheknaik/.m2/repository/org/apache/logging/log4j/log4j-api/2.10.0/log4j-api-2.10.0.jar:/Users/abhisheknaik/.m2/repository/org/slf4j/jul-to-slf4j/1.7.25/jul-to-slf4j-1.7.25.jar:/Users/abhisheknaik/.m2/repository/javax/annotation/javax.annotation-api/1.3.2/javax.annotation-api-1.3.2.jar:/Users/abhisheknaik/.m2/repository/org/yaml/snakeyaml/1.19/snakeyaml-1.19.jar:/Users/abhisheknaik/.m2/repository/org/springframework/boot/spring-boot-starter-aop/2.0.1.RELEASE/spring-boot-starter-aop-2.0.1.RELEASE.jar:/Users/abhisheknaik/.m2/repository/org/springframework/spring-aop/5.0.5.RELEASE/spring-aop-5.0.5.RELEASE.jar:/Users/abhisheknaik/.m2/repository/org/aspectj/aspectjweaver/1.8.13/aspectjweaver-1.8.13.jar:/Users/abhisheknaik/.m2/repository/org/springframework/boot/spring-boot-starter-jdbc/2.0.1.RELEASE/spring-boot-starter-jdbc-2.0.1.RELEASE.jar:/Users/abhisheknaik/.m2/repository/com/zaxxer/HikariCP/2.7.8/HikariCP-2.7.8.jar:/Users/abhisheknaik/.m2/repository/org/springframework/spring-jdbc/5.0.5.RELEASE/spring-jdbc-5.0.5.RELEASE.jar:/Users/abhisheknaik/.m2/repository/org/hibernate/hibernate-core/5.2.16.Final/hibernate-core-5.2.16.Final.jar:/Users/abhisheknaik/.m2/repository/org/jboss/logging/jboss-logging/3.3.2.Final/jboss-logging-3.3.2.Final.jar:/Users/abhisheknaik/.m2/repository/org/hibernate/javax/persistence/hibernate-jpa-2.1-api/1.0.0.Final/hibernate-jpa-2.1-api-1.0.0.Final.jar:/Users/abhisheknaik/.m2/repository/org/javassist/javassist/3.22.0-GA/javassist-3.22.0-GA.jar:/Users/abhisheknaik/.m2/repository/antlr/antlr/2.7.7/antlr-2.7.7.jar:/Users/abhisheknaik/.m2/repository/org/jboss/jandex/2.0.3.Final/jandex-2.0.3.Final.jar:/Users/abhisheknaik/.m2/repository/com/fasterxml/classmate/1.3.4/classmate-1.3.4.jar:/Users/abhisheknaik/.m2/repository/dom4j/dom4j/1.6.1/dom4j-1.6.1.jar:/Users/abhisheknaik/.m2/repository/org/hibernate/common/hibernate-commons-annotations/5.0.1.Final/hibernate-commons-annotations-5.0.1.Final.jar:/Users/abhisheknaik/.m2/repository/javax/transaction/javax.transaction-api/1.2/javax.transaction-api-1.2.jar:/Users/abhisheknaik/.m2/repository/org/springframework/data/spring-data-jpa/2.0.6.RELEASE/spring-data-jpa-2.0.6.RELEASE.jar:/Users/abhisheknaik/.m2/repository/org/springframework/data/spring-data-commons/2.0.6.RELEASE/spring-data-commons-2.0.6.RELEASE.jar:/Users/abhisheknaik/.m2/repository/org/springframework/spring-orm/5.0.5.RELEASE/spring-orm-5.0.5.RELEASE.jar:/Users/abhisheknaik/.m2/repository/org/springframework/spring-context/5.0.5.RELEASE/spring-context-5.0.5.RELEASE.jar:/Users/abhisheknaik/.m2/repository/org/springframework/spring-tx/5.0.5.RELEASE/spring-tx-5.0.5.RELEASE.jar:/Users/abhisheknaik/.m2/repository/org/springframework/spring-beans/5.0.5.RELEASE/spring-beans-5.0.5.RELEASE.jar:/Users/abhisheknaik/.m2/repository/org/slf4j/slf4j-api/1.7.25/slf4j-api-1.7.25.jar:/Users/abhisheknaik/.m2/repository/org/springframework/spring-aspects/5.0.5.RELEASE/spring-aspects-5.0.5.RELEASE.jar:/Users/abhisheknaik/.m2/repository/org/springframework/boot/spring-boot-starter-web/2.0.1.RELEASE/spring-boot-starter-web-2.0.1.RELEASE.jar:/Users/abhisheknaik/.m2/repository/org/springframework/boot/spring-boot-starter-json/2.0.1.RELEASE/spring-boot-starter-json-2.0.1.RELEASE.jar:/Users/abhisheknaik/.m2/repository/com/fasterxml/jackson/core/jackson-databind/2.9.5/jackson-databind-2.9.5.jar:/Users/abhisheknaik/.m2/repository/com/fasterxml/jackson/core/jackson-annotations/2.9.0/jackson-annotations-2.9.0.jar:/Users/abhisheknaik/.m2/repository/com/fasterxml/jackson/core/jackson-core/2.9.5/jackson-core-2.9.5.jar:/Users/abhisheknaik/.m2/repository/com/fasterxml/jackson/datatype/jackson-datatype-jdk8/2.9.5/jackson-datatype-jdk8-2.9.5.jar:/Users/abhisheknaik/.m2/repository/com/fasterxml/jackson/datatype/jackson-datatype-jsr310/2.9.5/jackson-datatype-jsr310-2.9.5.jar:/Users/abhisheknaik/.m2/repository/com/fasterxml/jackson/module/jackson-module-parameter-names/2.9.5/jackson-module-parameter-names-2.9.5.jar:/Users/abhisheknaik/.m2/repository/org/springframework/boot/spring-boot-starter-tomcat/2.0.1.RELEASE/spring-boot-starter-tomcat-2.0.1.RELEASE.jar:/Users/abhisheknaik/.m2/repository/org/apache/tomcat/embed/tomcat-embed-core/8.5.29/tomcat-embed-core-8.5.29.jar:/Users/abhisheknaik/.m2/repository/org/apache/tomcat/embed/tomcat-embed-el/8.5.29/tomcat-embed-el-8.5.29.jar:/Users/abhisheknaik/.m2/repository/org/apache/tomcat/embed/tomcat-embed-websocket/8.5.29/tomcat-embed-websocket-8.5.29.jar:/Users/abhisheknaik/.m2/repository/org/hibernate/validator/hibernate-validator/6.0.9.Final/hibernate-validator-6.0.9.Final.jar:/Users/abhisheknaik/.m2/repository/javax/validation/validation-api/2.0.1.Final/validation-api-2.0.1.Final.jar:/Users/abhisheknaik/.m2/repository/org/springframework/spring-web/5.0.5.RELEASE/spring-web-5.0.5.RELEASE.jar:/Users/abhisheknaik/.m2/repository/org/springframework/spring-webmvc/5.0.5.RELEASE/spring-webmvc-5.0.5.RELEASE.jar:/Users/abhisheknaik/.m2/repository/org/springframework/spring-expression/5.0.5.RELEASE/spring-expression-5.0.5.RELEASE.jar:/Users/abhisheknaik/.m2/repository/org/springframework/boot/spring-boot-devtools/2.0.1.RELEASE/spring-boot-devtools-2.0.1.RELEASE.jar:/Users/abhisheknaik/.m2/repository/org/springframework/boot/spring-boot/2.0.1.RELEASE/spring-boot-2.0.1.RELEASE.jar:/Users/abhisheknaik/.m2/repository/org/springframework/boot/spring-boot-autoconfigure/2.0.1.RELEASE/spring-boot-autoconfigure-2.0.1.RELEASE.jar:/Users/abhisheknaik/.m2/repository/com/h2database/h2/1.4.197/h2-1.4.197.jar:/Users/abhisheknaik/.m2/repository/org/springframework/boot/spring-boot-starter-test/2.0.1.RELEASE/spring-boot-starter-test-2.0.1.RELEASE.jar:/Users/abhisheknaik/.m2/repository/org/springframework/boot/spring-boot-test/2.0.1.RELEASE/spring-boot-test-2.0.1.RELEASE.jar:/Users/abhisheknaik/.m2/repository/org/springframework/boot/spring-boot-test-autoconfigure/2.0.1.RELEASE/spring-boot-test-autoconfigure-2.0.1.RELEASE.jar:/Users/abhisheknaik/.m2/repository/com/jayway/jsonpath/json-path/2.4.0/json-path-2.4.0.jar:/Users/abhisheknaik/.m2/repository/net/minidev/json-smart/2.3/json-smart-2.3.jar:/Users/abhisheknaik/.m2/repository/net/minidev/accessors-smart/1.2/accessors-smart-1.2.jar:/Users/abhisheknaik/.m2/repository/org/ow2/asm/asm/5.0.4/asm-5.0.4.jar:/Users/abhisheknaik/.m2/repository/junit/junit/4.12/junit-4.12.jar:/Users/abhisheknaik/.m2/repository/org/assertj/assertj-core/3.9.1/assertj-core-3.9.1.jar:/Users/abhisheknaik/.m2/repository/org/mockito/mockito-core/2.15.0/mockito-core-2.15.0.jar:/Users/abhisheknaik/.m2/repository/net/bytebuddy/byte-buddy/1.7.11/byte-buddy-1.7.11.jar:/Users/abhisheknaik/.m2/repository/net/bytebuddy/byte-buddy-agent/1.7.11/byte-buddy-agent-1.7.11.jar:/Users/abhisheknaik/.m2/repository/org/objenesis/objenesis/2.6/objenesis-2.6.jar:/Users/abhisheknaik/.m2/repository/org/hamcrest/hamcrest-core/1.3/hamcrest-core-1.3.jar:/Users/abhisheknaik/.m2/repository/org/hamcrest/hamcrest-library/1.3/hamcrest-library-1.3.jar:/Users/abhisheknaik/.m2/repository/org/skyscreamer/jsonassert/1.5.0/jsonassert-1.5.0.jar:/Users/abhisheknaik/.m2/repository/com/vaadin/external/google/android-json/0.0.20131108.vaadin1/android-json-0.0.20131108.vaadin1.jar:/Users/abhisheknaik/.m2/repository/org/springframework/spring-core/5.0.5.RELEASE/spring-core-5.0.5.RELEASE.jar:/Users/abhisheknaik/.m2/repository/org/springframework/spring-jcl/5.0.5.RELEASE/spring-jcl-5.0.5.RELEASE.jar:/Users/abhisheknaik/.m2/repository/org/springframework/spring-test/5.0.5.RELEASE/spring-test-5.0.5.RELEASE.jar:/Users/abhisheknaik/.m2/repository/org/xmlunit/xmlunit-core/2.5.1/xmlunit-core-2.5.1.jar:, java.specification.name=Java Platform API Specification, java.class.version=52.0, sun.management.compiler=HotSpot 64-Bit Tiered Compilers, os.version=10.13.4, http.nonProxyHosts=local|*.local|169.254/16|*.169.254/16|127.0.0.1, user.home=/Users/abhisheknaik, user.timezone=America/Indiana/Indianapolis, java.awt.printerjob=sun.lwawt.macosx.CPrinterJob, file.encoding=UTF-8, java.specification.version=1.8, java.class.path=/Users/abhisheknaik/eclipse-workspace/spring-boot-microservice-users-service/target/test-classes:/Users/abhisheknaik/eclipse-workspace/spring-boot-microservice-users-service/target/classes:/Users/abhisheknaik/.m2/repository/org/springframework/boot/spring-boot-starter-data-jpa/2.0.1.RELEASE/spring-boot-starter-data-jpa-2.0.1.RELEASE.jar:/Users/abhisheknaik/.m2/repository/org/springframework/boot/spring-boot-starter/2.0.1.RELEASE/spring-boot-starter-2.0.1.RELEASE.jar:/Users/abhisheknaik/.m2/repository/org/springframework/boot/spring-boot-starter-logging/2.0.1.RELEASE/spring-boot-starter-logging-2.0.1.RELEASE.jar:/Users/abhisheknaik/.m2/repository/ch/qos/logback/logback-classic/1.2.3/logback-classic-1.2.3.jar:/Users/abhisheknaik/.m2/repository/ch/qos/logback/logback-core/1.2.3/logback-core-1.2.3.jar:/Users/abhisheknaik/.m2/repository/org/apache/logging/log4j/log4j-to-slf4j/2.10.0/log4j-to-slf4j-2.10.0.jar:/Users/abhisheknaik/.m2/repository/org/apache/logging/log4j/log4j-api/2.10.0/log4j-api-2.10.0.jar:/Users/abhisheknaik/.m2/repository/org/slf4j/jul-to-slf4j/1.7.25/jul-to-slf4j-1.7.25.jar:/Users/abhisheknaik/.m2/repository/javax/annotation/javax.annotation-api/1.3.2/javax.annotation-api-1.3.2.jar:/Users/abhisheknaik/.m2/repository/org/yaml/snakeyaml/1.19/snakeyaml-1.19.jar:/Users/abhisheknaik/.m2/repository/org/springframework/boot/spring-boot-starter-aop/2.0.1.RELEASE/spring-boot-starter-aop-2.0.1.RELEASE.jar:/Users/abhisheknaik/.m2/repository/org/springframework/spring-aop/5.0.5.RELEASE/spring-aop-5.0.5.RELEASE.jar:/Users/abhisheknaik/.m2/repository/org/aspectj/aspectjweaver/1.8.13/aspectjweaver-1.8.13.jar:/Users/abhisheknaik/.m2/repository/org/springframework/boot/spring-boot-starter-jdbc/2.0.1.RELEASE/spring-boot-starter-jdbc-2.0.1.RELEASE.jar:/Users/abhisheknaik/.m2/repository/com/zaxxer/HikariCP/2.7.8/HikariCP-2.7.8.jar:/Users/abhisheknaik/.m2/repository/org/springframework/spring-jdbc/5.0.5.RELEASE/spring-jdbc-5.0.5.RELEASE.jar:/Users/abhisheknaik/.m2/repository/org/hibernate/hibernate-core/5.2.16.Final/hibernate-core-5.2.16.Final.jar:/Users/abhisheknaik/.m2/repository/org/jboss/logging/jboss-logging/3.3.2.Final/jboss-logging-3.3.2.Final.jar:/Users/abhisheknaik/.m2/repository/org/hibernate/javax/persistence/hibernate-jpa-2.1-api/1.0.0.Final/hibernate-jpa-2.1-api-1.0.0.Final.jar:/Users/abhisheknaik/.m2/repository/org/javassist/javassist/3.22.0-GA/javassist-3.22.0-GA.jar:/Users/abhisheknaik/.m2/repository/antlr/antlr/2.7.7/antlr-2.7.7.jar:/Users/abhisheknaik/.m2/repository/org/jboss/jandex/2.0.3.Final/jandex-2.0.3.Final.jar:/Users/abhisheknaik/.m2/repository/com/fasterxml/classmate/1.3.4/classmate-1.3.4.jar:/Users/abhisheknaik/.m2/repository/dom4j/dom4j/1.6.1/dom4j-1.6.1.jar:/Users/abhisheknaik/.m2/repository/org/hibernate/common/hibernate-commons-annotations/5.0.1.Final/hibernate-commons-annotations-5.0.1.Final.jar:/Users/abhisheknaik/.m2/repository/javax/transaction/javax.transaction-api/1.2/javax.transaction-api-1.2.jar:/Users/abhisheknaik/.m2/repository/org/springframework/data/spring-data-jpa/2.0.6.RELEASE/spring-data-jpa-2.0.6.RELEASE.jar:/Users/abhisheknaik/.m2/repository/org/springframework/data/spring-data-commons/2.0.6.RELEASE/spring-data-commons-2.0.6.RELEASE.jar:/Users/abhisheknaik/.m2/repository/org/springframework/spring-orm/5.0.5.RELEASE/spring-orm-5.0.5.RELEASE.jar:/Users/abhisheknaik/.m2/repository/org/springframework/spring-context/5.0.5.RELEASE/spring-context-5.0.5.RELEASE.jar:/Users/abhisheknaik/.m2/repository/org/springframework/spring-tx/5.0.5.RELEASE/spring-tx-5.0.5.RELEASE.jar:/Users/abhisheknaik/.m2/repository/org/springframework/spring-beans/5.0.5.RELEASE/spring-beans-5.0.5.RELEASE.jar:/Users/abhisheknaik/.m2/repository/org/slf4j/slf4j-api/1.7.25/slf4j-api-1.7.25.jar:/Users/abhisheknaik/.m2/repository/org/springframework/spring-aspects/5.0.5.RELEASE/spring-aspects-5.0.5.RELEASE.jar:/Users/abhisheknaik/.m2/repository/org/springframework/boot/spring-boot-starter-web/2.0.1.RELEASE/spring-boot-starter-web-2.0.1.RELEASE.jar:/Users/abhisheknaik/.m2/repository/org/springframework/boot/spring-boot-starter-json/2.0.1.RELEASE/spring-boot-starter-json-2.0.1.RELEASE.jar:/Users/abhisheknaik/.m2/repository/com/fasterxml/jackson/core/jackson-databind/2.9.5/jackson-databind-2.9.5.jar:/Users/abhisheknaik/.m2/repository/com/fasterxml/jackson/core/jackson-annotations/2.9.0/jackson-annotations-2.9.0.jar:/Users/abhisheknaik/.m2/repository/com/fasterxml/jackson/core/jackson-core/2.9.5/jackson-core-2.9.5.jar:/Users/abhisheknaik/.m2/repository/com/fasterxml/jackson/datatype/jackson-datatype-jdk8/2.9.5/jackson-datatype-jdk8-2.9.5.jar:/Users/abhisheknaik/.m2/repository/com/fasterxml/jackson/datatype/jackson-datatype-jsr310/2.9.5/jackson-datatype-jsr310-2.9.5.jar:/Users/abhisheknaik/.m2/repository/com/fasterxml/jackson/module/jackson-module-parameter-names/2.9.5/jackson-module-parameter-names-2.9.5.jar:/Users/abhisheknaik/.m2/repository/org/springframework/boot/spring-boot-starter-tomcat/2.0.1.RELEASE/spring-boot-starter-tomcat-2.0.1.RELEASE.jar:/Users/abhisheknaik/.m2/repository/org/apache/tomcat/embed/tomcat-embed-core/8.5.29/tomcat-embed-core-8.5.29.jar:/Users/abhisheknaik/.m2/repository/org/apache/tomcat/embed/tomcat-embed-el/8.5.29/tomcat-embed-el-8.5.29.jar:/Users/abhisheknaik/.m2/repository/org/apache/tomcat/embed/tomcat-embed-websocket/8.5.29/tomcat-embed-websocket-8.5.29.jar:/Users/abhisheknaik/.m2/repository/org/hibernate/validator/hibernate-validator/6.0.9.Final/hibernate-validator-6.0.9.Final.jar:/Users/abhisheknaik/.m2/repository/javax/validation/validation-api/2.0.1.Final/validation-api-2.0.1.Final.jar:/Users/abhisheknaik/.m2/repository/org/springframework/spring-web/5.0.5.RELEASE/spring-web-5.0.5.RELEASE.jar:/Users/abhisheknaik/.m2/repository/org/springframework/spring-webmvc/5.0.5.RELEASE/spring-webmvc-5.0.5.RELEASE.jar:/Users/abhisheknaik/.m2/repository/org/springframework/spring-expression/5.0.5.RELEASE/spring-expression-5.0.5.RELEASE.jar:/Users/abhisheknaik/.m2/repository/org/springframework/boot/spring-boot-devtools/2.0.1.RELEASE/spring-boot-devtools-2.0.1.RELEASE.jar:/Users/abhisheknaik/.m2/repository/org/springframework/boot/spring-boot/2.0.1.RELEASE/spring-boot-2.0.1.RELEASE.jar:/Users/abhisheknaik/.m2/repository/org/springframework/boot/spring-boot-autoconfigure/2.0.1.RELEASE/spring-boot-autoconfigure-2.0.1.RELEASE.jar:/Users/abhisheknaik/.m2/repository/com/h2database/h2/1.4.197/h2-1.4.197.jar:/Users/abhisheknaik/.m2/repository/org/springframework/boot/spring-boot-starter-test/2.0.1.RELEASE/spring-boot-starter-test-2.0.1.RELEASE.jar:/Users/abhisheknaik/.m2/repository/org/springframework/boot/spring-boot-test/2.0.1.RELEASE/spring-boot-test-2.0.1.RELEASE.jar:/Users/abhisheknaik/.m2/repository/org/springframework/boot/spring-boot-test-autoconfigure/2.0.1.RELEASE/spring-boot-test-autoconfigure-2.0.1.RELEASE.jar:/Users/abhisheknaik/.m2/repository/com/jayway/jsonpath/json-path/2.4.0/json-path-2.4.0.jar:/Users/abhisheknaik/.m2/repository/net/minidev/json-smart/2.3/json-smart-2.3.jar:/Users/abhisheknaik/.m2/repository/net/minidev/accessors-smart/1.2/accessors-smart-1.2.jar:/Users/abhisheknaik/.m2/repository/org/ow2/asm/asm/5.0.4/asm-5.0.4.jar:/Users/abhisheknaik/.m2/repository/junit/junit/4.12/junit-4.12.jar:/Users/abhisheknaik/.m2/repository/org/assertj/assertj-core/3.9.1/assertj-core-3.9.1.jar:/Users/abhisheknaik/.m2/repository/org/mockito/mockito-core/2.15.0/mockito-core-2.15.0.jar:/Users/abhisheknaik/.m2/repository/net/bytebuddy/byte-buddy/1.7.11/byte-buddy-1.7.11.jar:/Users/abhisheknaik/.m2/repository/net/bytebuddy/byte-buddy-agent/1.7.11/byte-buddy-agent-1.7.11.jar:/Users/abhisheknaik/.m2/repository/org/objenesis/objenesis/2.6/objenesis-2.6.jar:/Users/abhisheknaik/.m2/repository/org/hamcrest/hamcrest-core/1.3/hamcrest-core-1.3.jar:/Users/abhisheknaik/.m2/repository/org/hamcrest/hamcrest-library/1.3/hamcrest-library-1.3.jar:/Users/abhisheknaik/.m2/repository/org/skyscreamer/jsonassert/1.5.0/jsonassert-1.5.0.jar:/Users/abhisheknaik/.m2/repository/com/vaadin/external/google/android-json/0.0.20131108.vaadin1/android-json-0.0.20131108.vaadin1.jar:/Users/abhisheknaik/.m2/repository/org/springframework/spring-core/5.0.5.RELEASE/spring-core-5.0.5.RELEASE.jar:/Users/abhisheknaik/.m2/repository/org/springframework/spring-jcl/5.0.5.RELEASE/spring-jcl-5.0.5.RELEASE.jar:/Users/abhisheknaik/.m2/repository/org/springframework/spring-test/5.0.5.RELEASE/spring-test-5.0.5.RELEASE.jar:/Users/abhisheknaik/.m2/repository/org/xmlunit/xmlunit-core/2.5.1/xmlunit-core-2.5.1.jar:, user.name=abhisheknaik, java.vm.specification.version=1.8, sun.java.command=/Users/abhisheknaik/eclipse-workspace/spring-boot-microservice-users-service/target/surefire/surefirebooter6542577055950350403.jar /Users/abhisheknaik/eclipse-workspace/spring-boot-microservice-users-service/target/surefire 2018-04-22T18-37-51_082-jvmRun1 surefire1705390199285990306tmp surefire_0908483043758063013tmp, java.home=/Library/Java/JavaVirtualMachines/jdk1.8.0_171.jdk/Contents/Home/jre, sun.arch.data.model=64, user.language=en, java.specification.vendor=Oracle Corporation, awt.toolkit=sun.lwawt.macosx.LWCToolkit, java.vm.info=mixed mode, java.version=1.8.0_171, java.ext.dirs=/Users/abhisheknaik/Library/Java/Extensions:/Library/Java/JavaVirtualMachines/jdk1.8.0_171.jdk/Contents/Home/jre/lib/ext:/Library/Java/Extensions:/Network/Library/Java/Extensions:/System/Library/Java/Extensions:/usr/lib/java, sun.boot.class.path=/Library/Java/JavaVirtualMachines/jdk1.8.0_171.jdk/Contents/Home/jre/lib/resources.jar:/Library/Java/JavaVirtualMachines/jdk1.8.0_171.jdk/Contents/Home/jre/lib/rt.jar:/Library/Java/JavaVirtualMachines/jdk1.8.0_171.jdk/Contents/Home/jre/lib/sunrsasign.jar:/Library/Java/JavaVirtualMachines/jdk1.8.0_171.jdk/Contents/Home/jre/lib/jsse.jar:/Library/Java/JavaVirtualMachines/jdk1.8.0_171.jdk/Contents/Home/jre/lib/jce.jar:/Library/Java/JavaVirtualMachines/jdk1.8.0_171.jdk/Contents/Home/jre/lib/charsets.jar:/Library/Java/JavaVirtualMachines/jdk1.8.0_171.jdk/Contents/Home/jre/lib/jfr.jar:/Library/Java/JavaVirtualMachines/jdk1.8.0_171.jdk/Contents/Home/jre/classes, java.vendor=Oracle Corporation, localRepository=/Users/abhisheknaik/.m2/repository, file.separator=/, java.vendor.url.bug=http://bugreport.sun.com/bugreport/, sun.io.unicode.encoding=UnicodeBig, sun.cpu.endian=little, socksNonProxyHosts=local|*.local|169.254/16|*.169.254/16|127.0.0.1, ftp.nonProxyHosts=local|*.local|169.254/16|*.169.254/16|127.0.0.1, sun.cpu.isalist=}}, SystemEnvironmentPropertySource@942518407 {name='systemEnvironment', properties={PATH=/usr/bin:/bin:/usr/sbin:/sbin, JAVA_STARTED_ON_FIRST_THREAD_2871=1, SHELL=/bin/bash, APP_ICON_2871=../Resources/Eclipse.icns, JAVA_MAIN_CLASS_3750=org.codehaus.plexus.classworlds.launcher.Launcher, OLDPWD=/Users/abhisheknaik/eclipse-workspace/spring-boot-microservice-users-service, USER=abhisheknaik, TMPDIR=/var/folders/dx/7w__5bws6099bx1qsfsb8tg00000gn/T/, SSH_AUTH_SOCK=/private/tmp/com.apple.launchd.m08QKCwQ1y/Listeners, XPC_FLAGS=0x0, __CF_USER_TEXT_ENCODING=0x1F5:0x0:0x0, Apple_PubSub_Socket_Render=/private/tmp/com.apple.launchd.WRsuWB0E4z/Render, LOGNAME=abhisheknaik, JAVA_MAIN_CLASS_3752=org.apache.maven.surefire.booter.ForkedBooter, XPC_SERVICE_NAME=0, PWD=/Users/abhisheknaik/eclipse-workspace/spring-boot-microservice-users-service, HOME=/Users/abhisheknaik, SHLVL=1, _=/Library/Java/JavaVirtualMachines/jdk1.8.0_171.jdk/Contents/Home/jre/bin/java}}]
18:37:52.145 [main] DEBUG org.springframework.core.io.support.PathMatchingResourcePatternResolver - Resolved classpath location [me/abhishek/springboot/microservice/example/todo/springbootmicroservicetodoservice/] to resources [URL [file:/Users/abhisheknaik/eclipse-workspace/spring-boot-microservice-users-service/target/test-classes/me/abhishek/springboot/microservice/example/todo/springbootmicroservicetodoservice/]]
18:37:52.146 [main] DEBUG org.springframework.core.io.support.PathMatchingResourcePatternResolver - Looking for matching resources in directory tree [/Users/abhisheknaik/eclipse-workspace/spring-boot-microservice-users-service/target/test-classes/me/abhishek/springboot/microservice/example/todo/springbootmicroservicetodoservice]
18:37:52.146 [main] DEBUG org.springframework.core.io.support.PathMatchingResourcePatternResolver - Searching directory [/Users/abhisheknaik/eclipse-workspace/spring-boot-microservice-users-service/target/test-classes/me/abhishek/springboot/microservice/example/todo/springbootmicroservicetodoservice] for files matching pattern [/Users/abhisheknaik/eclipse-workspace/spring-boot-microservice-users-service/target/test-classes/me/abhishek/springboot/microservice/example/todo/springbootmicroservicetodoservice/*.class]
18:37:52.148 [main] DEBUG org.springframework.core.io.support.PathMatchingResourcePatternResolver - Resolved location pattern [classpath*:me/abhishek/springboot/microservice/example/todo/springbootmicroservicetodoservice/*.class] to resources [file [/Users/abhisheknaik/eclipse-workspace/spring-boot-microservice-users-service/target/test-classes/me/abhishek/springboot/microservice/example/todo/springbootmicroservicetodoservice/SpringBootMicroserviceTodoServiceApplicationTests.class]]
18:37:52.176 [main] DEBUG org.springframework.core.io.support.PathMatchingResourcePatternResolver - Resolved classpath location [me/abhishek/springboot/microservice/example/todo/] to resources [URL [file:/Users/abhisheknaik/eclipse-workspace/spring-boot-microservice-users-service/target/test-classes/me/abhishek/springboot/microservice/example/todo/]]
18:37:52.176 [main] DEBUG org.springframework.core.io.support.PathMatchingResourcePatternResolver - Looking for matching resources in directory tree [/Users/abhisheknaik/eclipse-workspace/spring-boot-microservice-users-service/target/test-classes/me/abhishek/springboot/microservice/example/todo]
18:37:52.176 [main] DEBUG org.springframework.core.io.support.PathMatchingResourcePatternResolver - Searching directory [/Users/abhisheknaik/eclipse-workspace/spring-boot-microservice-users-service/target/test-classes/me/abhishek/springboot/microservice/example/todo] for files matching pattern [/Users/abhisheknaik/eclipse-workspace/spring-boot-microservice-users-service/target/test-classes/me/abhishek/springboot/microservice/example/todo/*.class]
18:37:52.177 [main] DEBUG org.springframework.core.io.support.PathMatchingResourcePatternResolver - Resolved location pattern [classpath*:me/abhishek/springboot/microservice/example/todo/*.class] to resources []
18:37:52.177 [main] DEBUG org.springframework.core.io.support.PathMatchingResourcePatternResolver - Resolved classpath location [me/abhishek/springboot/microservice/example/] to resources [URL [file:/Users/abhisheknaik/eclipse-workspace/spring-boot-microservice-users-service/target/test-classes/me/abhishek/springboot/microservice/example/], URL [file:/Users/abhisheknaik/eclipse-workspace/spring-boot-microservice-users-service/target/classes/me/abhishek/springboot/microservice/example/]]
18:37:52.177 [main] DEBUG org.springframework.core.io.support.PathMatchingResourcePatternResolver - Looking for matching resources in directory tree [/Users/abhisheknaik/eclipse-workspace/spring-boot-microservice-users-service/target/test-classes/me/abhishek/springboot/microservice/example]
18:37:52.177 [main] DEBUG org.springframework.core.io.support.PathMatchingResourcePatternResolver - Searching directory [/Users/abhisheknaik/eclipse-workspace/spring-boot-microservice-users-service/target/test-classes/me/abhishek/springboot/microservice/example] for files matching pattern [/Users/abhisheknaik/eclipse-workspace/spring-boot-microservice-users-service/target/test-classes/me/abhishek/springboot/microservice/example/*.class]
18:37:52.178 [main] DEBUG org.springframework.core.io.support.PathMatchingResourcePatternResolver - Looking for matching resources in directory tree [/Users/abhisheknaik/eclipse-workspace/spring-boot-microservice-users-service/target/classes/me/abhishek/springboot/microservice/example]
18:37:52.178 [main] DEBUG org.springframework.core.io.support.PathMatchingResourcePatternResolver - Searching directory [/Users/abhisheknaik/eclipse-workspace/spring-boot-microservice-users-service/target/classes/me/abhishek/springboot/microservice/example] for files matching pattern [/Users/abhisheknaik/eclipse-workspace/spring-boot-microservice-users-service/target/classes/me/abhishek/springboot/microservice/example/*.class]
18:37:52.178 [main] DEBUG org.springframework.core.io.support.PathMatchingResourcePatternResolver - Resolved location pattern [classpath*:me/abhishek/springboot/microservice/example/*.class] to resources []
18:37:52.178 [main] DEBUG org.springframework.core.io.support.PathMatchingResourcePatternResolver - Resolved classpath location [me/abhishek/springboot/microservice/] to resources [URL [file:/Users/abhisheknaik/eclipse-workspace/spring-boot-microservice-users-service/target/test-classes/me/abhishek/springboot/microservice/], URL [file:/Users/abhisheknaik/eclipse-workspace/spring-boot-microservice-users-service/target/classes/me/abhishek/springboot/microservice/]]
18:37:52.179 [main] DEBUG org.springframework.core.io.support.PathMatchingResourcePatternResolver - Looking for matching resources in directory tree [/Users/abhisheknaik/eclipse-workspace/spring-boot-microservice-users-service/target/test-classes/me/abhishek/springboot/microservice]
18:37:52.179 [main] DEBUG org.springframework.core.io.support.PathMatchingResourcePatternResolver - Searching directory [/Users/abhisheknaik/eclipse-workspace/spring-boot-microservice-users-service/target/test-classes/me/abhishek/springboot/microservice] for files matching pattern [/Users/abhisheknaik/eclipse-workspace/spring-boot-microservice-users-service/target/test-classes/me/abhishek/springboot/microservice/*.class]
18:37:52.179 [main] DEBUG org.springframework.core.io.support.PathMatchingResourcePatternResolver - Looking for matching resources in directory tree [/Users/abhisheknaik/eclipse-workspace/spring-boot-microservice-users-service/target/classes/me/abhishek/springboot/microservice]
18:37:52.179 [main] DEBUG org.springframework.core.io.support.PathMatchingResourcePatternResolver - Searching directory [/Users/abhisheknaik/eclipse-workspace/spring-boot-microservice-users-service/target/classes/me/abhishek/springboot/microservice] for files matching pattern [/Users/abhisheknaik/eclipse-workspace/spring-boot-microservice-users-service/target/classes/me/abhishek/springboot/microservice/*.class]
18:37:52.180 [main] DEBUG org.springframework.core.io.support.PathMatchingResourcePatternResolver - Resolved location pattern [classpath*:me/abhishek/springboot/microservice/*.class] to resources []
18:37:52.180 [main] DEBUG org.springframework.core.io.support.PathMatchingResourcePatternResolver - Resolved classpath location [me/abhishek/springboot/] to resources [URL [file:/Users/abhisheknaik/eclipse-workspace/spring-boot-microservice-users-service/target/test-classes/me/abhishek/springboot/], URL [file:/Users/abhisheknaik/eclipse-workspace/spring-boot-microservice-users-service/target/classes/me/abhishek/springboot/]]
18:37:52.180 [main] DEBUG org.springframework.core.io.support.PathMatchingResourcePatternResolver - Looking for matching resources in directory tree [/Users/abhisheknaik/eclipse-workspace/spring-boot-microservice-users-service/target/test-classes/me/abhishek/springboot]
18:37:52.180 [main] DEBUG org.springframework.core.io.support.PathMatchingResourcePatternResolver - Searching directory [/Users/abhisheknaik/eclipse-workspace/spring-boot-microservice-users-service/target/test-classes/me/abhishek/springboot] for files matching pattern [/Users/abhisheknaik/eclipse-workspace/spring-boot-microservice-users-service/target/test-classes/me/abhishek/springboot/*.class]
18:37:52.181 [main] DEBUG org.springframework.core.io.support.PathMatchingResourcePatternResolver - Looking for matching resources in directory tree [/Users/abhisheknaik/eclipse-workspace/spring-boot-microservice-users-service/target/classes/me/abhishek/springboot]
18:37:52.181 [main] DEBUG org.springframework.core.io.support.PathMatchingResourcePatternResolver - Searching directory [/Users/abhisheknaik/eclipse-workspace/spring-boot-microservice-users-service/target/classes/me/abhishek/springboot] for files matching pattern [/Users/abhisheknaik/eclipse-workspace/spring-boot-microservice-users-service/target/classes/me/abhishek/springboot/*.class]
18:37:52.182 [main] DEBUG org.springframework.core.io.support.PathMatchingResourcePatternResolver - Resolved location pattern [classpath*:me/abhishek/springboot/*.class] to resources []
18:37:52.182 [main] DEBUG org.springframework.core.io.support.PathMatchingResourcePatternResolver - Resolved classpath location [me/abhishek/] to resources [URL [file:/Users/abhisheknaik/eclipse-workspace/spring-boot-microservice-users-service/target/test-classes/me/abhishek/], URL [file:/Users/abhisheknaik/eclipse-workspace/spring-boot-microservice-users-service/target/classes/me/abhishek/]]
18:37:52.183 [main] DEBUG org.springframework.core.io.support.PathMatchingResourcePatternResolver - Looking for matching resources in directory tree [/Users/abhisheknaik/eclipse-workspace/spring-boot-microservice-users-service/target/test-classes/me/abhishek]
18:37:52.183 [main] DEBUG org.springframework.core.io.support.PathMatchingResourcePatternResolver - Searching directory [/Users/abhisheknaik/eclipse-workspace/spring-boot-microservice-users-service/target/test-classes/me/abhishek] for files matching pattern [/Users/abhisheknaik/eclipse-workspace/spring-boot-microservice-users-service/target/test-classes/me/abhishek/*.class]
18:37:52.183 [main] DEBUG org.springframework.core.io.support.PathMatchingResourcePatternResolver - Looking for matching resources in directory tree [/Users/abhisheknaik/eclipse-workspace/spring-boot-microservice-users-service/target/classes/me/abhishek]
18:37:52.184 [main] DEBUG org.springframework.core.io.support.PathMatchingResourcePatternResolver - Searching directory [/Users/abhisheknaik/eclipse-workspace/spring-boot-microservice-users-service/target/classes/me/abhishek] for files matching pattern [/Users/abhisheknaik/eclipse-workspace/spring-boot-microservice-users-service/target/classes/me/abhishek/*.class]
18:37:52.184 [main] DEBUG org.springframework.core.io.support.PathMatchingResourcePatternResolver - Resolved location pattern [classpath*:me/abhishek/*.class] to resources []
18:37:52.184 [main] DEBUG org.springframework.core.io.support.PathMatchingResourcePatternResolver - Resolved classpath location [me/] to resources [URL [file:/Users/abhisheknaik/eclipse-workspace/spring-boot-microservice-users-service/target/test-classes/me/], URL [file:/Users/abhisheknaik/eclipse-workspace/spring-boot-microservice-users-service/target/classes/me/]]
18:37:52.185 [main] DEBUG org.springframework.core.io.support.PathMatchingResourcePatternResolver - Looking for matching resources in directory tree [/Users/abhisheknaik/eclipse-workspace/spring-boot-microservice-users-service/target/test-classes/me]
18:37:52.185 [main] DEBUG org.springframework.core.io.support.PathMatchingResourcePatternResolver - Searching directory [/Users/abhisheknaik/eclipse-workspace/spring-boot-microservice-users-service/target/test-classes/me] for files matching pattern [/Users/abhisheknaik/eclipse-workspace/spring-boot-microservice-users-service/target/test-classes/me/*.class]
18:37:52.185 [main] DEBUG org.springframework.core.io.support.PathMatchingResourcePatternResolver - Looking for matching resources in directory tree [/Users/abhisheknaik/eclipse-workspace/spring-boot-microservice-users-service/target/classes/me]
18:37:52.185 [main] DEBUG org.springframework.core.io.support.PathMatchingResourcePatternResolver - Searching directory [/Users/abhisheknaik/eclipse-workspace/spring-boot-microservice-users-service/target/classes/me] for files matching pattern [/Users/abhisheknaik/eclipse-workspace/spring-boot-microservice-users-service/target/classes/me/*.class]
18:37:52.185 [main] DEBUG org.springframework.core.io.support.PathMatchingResourcePatternResolver - Resolved location pattern [classpath*:me/*.class] to resources []
]]></system-out>
  </testcase>
</testsuite>